1620614644047	geckodriver	INFO	Listening on 127.0.0.1:57365
1620614647131	mozrunner::runner	INFO	Running command: "C:\\Program Files\\Mozilla Firefox\\firefox.exe" "--marionette" "-foreground" "-no-remote" "-profile" "C:\\Users\\ntaka\\AppData\\Local\\Temp\\rust_mozprofileLFCuq7"
1620614647405	Marionette	INFO	Marionette enabled
console.warn: SearchSettings: "get: No settings file exists, new profile?" (new Error("", "(unknown module)"))
1620614648666	Marionette	INFO	Listening on port 57373
1620614648684	Marionette	WARN	TLS certificate errors will be ignored for this session
1620614691181	geckodriver	INFO	Listening on 127.0.0.1:57445
1620614694263	mozrunner::runner	INFO	Running command: "C:\\Program Files\\Mozilla Firefox\\firefox.exe" "--marionette" "-foreground" "-no-remote" "-profile" "C:\\Users\\ntaka\\AppData\\Local\\Temp\\rust_mozprofilevp0hQP"
1620614694544	Marionette	INFO	Marionette enabled
console.warn: SearchSettings: "get: No settings file exists, new profile?" (new Error("", "(unknown module)"))
1620614695812	Marionette	INFO	Listening on port 57453
1620614696317	Marionette	WARN	TLS certificate errors will be ignored for this session
1620614728102	geckodriver	INFO	Listening on 127.0.0.1:57523
1620614731172	mozrunner::runner	INFO	Running command: "C:\\Program Files\\Mozilla Firefox\\firefox.exe" "--marionette" "-foreground" "-no-remote" "-profile" "C:\\Users\\ntaka\\AppData\\Local\\Temp\\rust_mozprofilePX42MG"
1620614731442	Marionette	INFO	Marionette enabled
console.warn: SearchSettings: "get: No settings file exists, new profile?" (new Error("", "(unknown module)"))
1620614732648	Marionette	INFO	Listening on port 57531
1620614732723	Marionette	WARN	TLS certificate errors will be ignored for this session
1620614742986	Marionette	INFO	Stopped listening on port 57531

###!!! [Child][RunMessage] Error: Channel closing: too late to send/recv, messages will be lost

1620614862598	geckodriver	INFO	Listening on 127.0.0.1:57760
1620614865674	mozrunner::runner	INFO	Running command: "C:\\Program Files\\Mozilla Firefox\\firefox.exe" "--marionette" "-foreground" "-no-remote" "-profile" "C:\\Users\\ntaka\\AppData\\Local\\Temp\\rust_mozprofilejFcqjy"
1620614865971	Marionette	INFO	Marionette enabled
console.warn: SearchSettings: "get: No settings file exists, new profile?" (new Error("", "(unknown module)"))
1620614867307	Marionette	INFO	Listening on port 57768
1620614867732	Marionette	WARN	TLS certificate errors will be ignored for this session
JavaScript error: resource://gre/actors/AutoCompleteChild.jsm, line 125: Error: Invalid autocomplete selectedIndex
JavaScript error: resource://gre/actors/AutoCompleteChild.jsm, line 125: Error: Invalid autocomplete selectedIndex
JavaScript error: resource://gre/modules/LoginManagerChild.jsm, line 194: NS_ERROR_XPC_JAVASCRIPT_ERROR_WITH_DETAILS: [JavaScript Error: "Invalid autocomplete selectedIndex" {file: "resource://gre/actors/AutoCompleteChild.jsm" line: 125}]'[JavaScript Error: "Invalid autocomplete selectedIndex" {file: "resource://gre/actors/AutoCompleteChild.jsm" line: 125}]' when calling method: [nsIAutoCompletePopup::selectedIndex]
1620614897320	Marionette	INFO	Stopped listening on port 57768
1620615235520	geckodriver	INFO	Listening on 127.0.0.1:58614
1620615238593	mozrunner::runner	INFO	Running command: "C:\\Program Files\\Mozilla Firefox\\firefox.exe" "--marionette" "-foreground" "-no-remote" "-profile" "C:\\Users\\ntaka\\AppData\\Local\\Temp\\rust_mozprofilezQxLMI"
1620615238882	Marionette	INFO	Marionette enabled
