1591757105453	mozrunner::runner	INFO	Running command: "C:\\Program Files\\Mozilla Firefox\\firefox.exe" "-marionette" "-headless" "-foreground" "-no-remote" "-profile" "C:\\Users\\ntaka\\AppData\\Local\\Temp\\rust_mozprofile4dWYWp"
*** You are running in headless mode.
1591757120786	mozrunner::runner	INFO	Running command: "C:\\Program Files\\Mozilla Firefox\\firefox.exe" "-marionette" "-headless" "-foreground" "-no-remote" "-profile" "C:\\Users\\ntaka\\AppData\\Local\\Temp\\rust_mozprofileaEPfJm"
*** You are running in headless mode.
1591757121094	addons.webextension.doh-rollout@mozilla.org	WARN	Loading extension 'doh-rollout@mozilla.org': Reading manifest: Invalid extension permission: networkStatus
1591757121446	addons.webextension.screenshots@mozilla.org	WARN	Loading extension 'screenshots@mozilla.org': Reading manifest: Invalid extension permission: mozillaAddons
1591757121446	addons.webextension.screenshots@mozilla.org	WARN	Loading extension 'screenshots@mozilla.org': Reading manifest: Invalid extension permission: telemetry
1591757121446	addons.webextension.screenshots@mozilla.org	WARN	Loading extension 'screenshots@mozilla.org': Reading manifest: Invalid extension permission: resource://pdf.js/
1591757121446	addons.webextension.screenshots@mozilla.org	WARN	Loading extension 'screenshots@mozilla.org': Reading manifest: Invalid extension permission: about:reader*
JavaScript error: resource://gre/modules/XULStore.jsm, line 66: Error: Can't find profile directory.
1591757122804	Marionette	INFO	Listening on port 64014
1591757122816	Marionette	WARN	TLS certificate errors will be ignored for this session
1591757126021	Marionette	WARN	Limiting screen capture height to maximum allowed 32767 pixels
1591757129248	Marionette	INFO	Stopped listening on port 64014
1591757206527	mozrunner::runner	INFO	Running command: "C:\\Program Files\\Mozilla Firefox\\firefox.exe" "-marionette" "-headless" "-foreground" "-no-remote" "-profile" "C:\\Users\\ntaka\\AppData\\Local\\Temp\\rust_mozprofiletX2Y4H"
*** You are running in headless mode.
1591757206888	addons.webextension.doh-rollout@mozilla.org	WARN	Loading extension 'doh-rollout@mozilla.org': Reading manifest: Invalid extension permission: networkStatus
1591757207300	addons.webextension.screenshots@mozilla.org	WARN	Loading extension 'screenshots@mozilla.org': Reading manifest: Invalid extension permission: mozillaAddons
1591757207300	addons.webextension.screenshots@mozilla.org	WARN	Loading extension 'screenshots@mozilla.org': Reading manifest: Invalid extension permission: telemetry
1591757207300	addons.webextension.screenshots@mozilla.org	WARN	Loading extension 'screenshots@mozilla.org': Reading manifest: Invalid extension permission: resource://pdf.js/
1591757207300	addons.webextension.screenshots@mozilla.org	WARN	Loading extension 'screenshots@mozilla.org': Reading manifest: Invalid extension permission: about:reader*
JavaScript error: resource://gre/modules/XULStore.jsm, line 66: Error: Can't find profile directory.
1591757208762	Marionette	INFO	Listening on port 64144
1591757209164	Marionette	WARN	TLS certificate errors will be ignored for this session
JavaScript warning: https://www.residia.jp/share/aframe/dist/aframe-v0.4.0.min.js, line 31: WebGL warning: <Create>: Can't use WebGL in headless mode (https://bugzil.la/1375585).
JavaScript warning: https://www.residia.jp/share/aframe/dist/aframe-v0.4.0.min.js, line 31: Failed to create WebGL context: WebGL creation failed: 
* Can't use WebGL in headless mode (https://bugzil.la/1375585).
JavaScript warning: https://www.residia.jp/share/aframe/dist/aframe-v0.4.0.min.js, line 31: WebGL warning: <Create>: Can't use WebGL in headless mode (https://bugzil.la/1375585).
JavaScript warning: https://www.residia.jp/share/aframe/dist/aframe-v0.4.0.min.js, line 31: Failed to create WebGL context: WebGL creation failed: 
* Can't use WebGL in headless mode (https://bugzil.la/1375585).
JavaScript warning: https://www.residia.jp/share/aframe/dist/aframe-v0.4.0.min.js, line 31: WebGL warning: <Create>: Can't use WebGL in headless mode (https://bugzil.la/1375585).
JavaScript warning: https://www.residia.jp/share/aframe/dist/aframe-v0.4.0.min.js, line 31: Failed to create WebGL context: WebGL creation failed: 
* Can't use WebGL in headless mode (https://bugzil.la/1375585).
JavaScript error: https://www.residia.jp/share/aframe/dist/aframe-v0.4.0.min.js, line 31: TypeError: t is null
JavaScript error: https://www.residia.jp/share/aframe/dist/aframe-v0.4.0.min.js, line 151: TypeError: this.renderer is undefined
JavaScript error: https://www.residia.jp/share/aframe/dist/aframe-v0.4.0.min.js, line 151: TypeError: this.renderer is undefined
Unable to read VR Path Registry from C:\Users\ntaka\AppData\Local\openvr\openvrpaths.vrpath
JavaScript error: https://www.residia.jp/share/aframe/dist/aframe-v0.4.0.min.js, line 151: TypeError: this.renderer is undefined
1591757215206	Marionette	INFO	Stopped listening on port 64144
JavaScript error: , line 0: AbortError: The operation was aborted. 
